




2025-02-12T21:26:36Z Bitcoin Core version v28.0.0 (release build)
2025-02-12T21:26:36Z Script verification uses 13 additional threads
2025-02-12T21:26:36Z Using the 'arm_shani(1way,2way)' SHA256 implementation
2025-02-12T21:26:36Z Default data directory /data/.bitcoin
2025-02-12T21:26:36Z Using data directory /data/.bitcoin
2025-02-12T21:26:36Z Config file: /data/.bitcoin/bitcoin.conf (not found, skipping)
2025-02-12T21:26:36Z Command-line arg: deprecatedrpc="create_bd"
2025-02-12T21:26:36Z Command-line arg: deprecatedrpc="warnings"
2025-02-12T21:26:36Z Command-line arg: port="8333"
2025-02-12T21:26:36Z Command-line arg: rpcallowip="10.21.0.0/16"
2025-02-12T21:26:36Z Command-line arg: rpcallowip="0.0.0.0"
2025-02-12T21:26:36Z Command-line arg: rpcauth=****
2025-02-12T21:26:36Z Command-line arg: rpcbind="10.21.22.3"
2025-02-12T21:26:36Z Command-line arg: rpcbind="0.0.0.0"
2025-02-12T21:26:36Z Command-line arg: rpcport="8332"
2025-02-12T21:26:36Z Command-line arg: zmqpubrawblock="tcp://0.0.0.0:28332"
2025-02-12T21:26:36Z Command-line arg: zmqpubrawtx="tcp://0.0.0.0:28333"
2025-02-12T21:26:36Z Using at most 125 automatic connections (1048576 file descriptors available)
2025-02-12T21:26:36Z scheduler thread start
2025-02-12T21:26:36Z Binding RPC on address 10.21.22.3 port 8332
2025-02-12T21:26:36Z Binding RPC on address 0.0.0.0 port 8332
2025-02-12T21:26:36Z Binding RPC on address 0.0.0.0 port 8332 failed.
2025-02-12T21:26:36Z Using random cookie authentication.
2025-02-12T21:26:36Z Generated RPC authentication cookie /data/.bitcoin/.cookie
2025-02-12T21:26:36Z Permissions used for cookie: rw-------
2025-02-12T21:26:36Z Starting HTTP server with 4 worker threads
2025-02-12T21:26:36Z Using wallet directory /data/.bitcoin
2025-02-12T21:26:36Z init message: Verifying wallet(s)…
2025-02-12T21:26:36Z Using /16 prefix for IP bucketing
2025-02-12T21:26:36Z init message: Loading P2P addresses…
2025-02-12T21:26:36Z Creating peers.dat because the file was not found ("/data/.bitcoin/peers.dat")
2025-02-12T21:26:36Z init message: Loading banlist…
2025-02-12T21:26:36Z Recreating the banlist database
2025-02-12T21:26:36Z SetNetworkActive: true
2025-02-12T21:26:36Z /data/.bitcoin/fee_estimates.dat is not found. Continue anyway.
2025-02-12T21:26:36Z Script verification uses 13 additional threads
2025-02-12T21:26:36Z Cache configuration:
2025-02-12T21:26:36Z * Using 2.0 MiB for block index database
2025-02-12T21:26:36Z * Using 8.0 MiB for chain state database
2025-02-12T21:26:36Z * Using 440.0 MiB for in-memory UTXO set (plus up to 286.1 MiB of unused mempool space)
2025-02-12T21:26:36Z Using obfuscation key for blocksdir *.dat files (/data/.bitcoin/blocks): '6d9d3fe02775a144'
2025-02-12T21:26:36Z Using 16 MiB out of 16 MiB requested for signature cache, able to store 524288 elements
2025-02-12T21:26:36Z Using 16 MiB out of 16 MiB requested for script execution cache, able to store 524288 elements
2025-02-12T21:26:36Z init message: Loading block index…
2025-02-12T21:26:36Z Assuming ancestors of block 000000000000000000011c5890365bdbe5d25b97ce0057589acaef4f1a57263f have valid signatures.
2025-02-12T21:26:36Z Setting nMinimumChainWork=000000000000000000000000000000000000000088e186b70e0862c193ec44d6
2025-02-12T21:26:36Z Opening LevelDB in /data/.bitcoin/blocks/index
2025-02-12T21:26:36Z Opened LevelDB successfully
2025-02-12T21:26:36Z Using obfuscation key for /data/.bitcoin/blocks/index: 0000000000000000
2025-02-12T21:26:36Z LoadBlockIndexDB: last block file = 0
2025-02-12T21:26:36Z LoadBlockIndexDB: last block file info: CBlockFileInfo(blocks=0, size=0, heights=0...0, time=1970-01-01...1970-01-01)
2025-02-12T21:26:36Z Checking all blk files are present...
2025-02-12T21:26:36Z Initializing chainstate Chainstate [ibd] @ height -1 (null)
2025-02-12T21:26:36Z Opening LevelDB in /data/.bitcoin/chainstate
2025-02-12T21:26:36Z Opened LevelDB successfully
2025-02-12T21:26:36Z Wrote new obfuscate key for /data/.bitcoin/chainstate: 3ee953a9b94d42cf
2025-02-12T21:26:36Z Using obfuscation key for /data/.bitcoin/chainstate: 3ee953a9b94d42cf
2025-02-12T21:26:36Z Opening LevelDB in /data/.bitcoin/chainstate
2025-02-12T21:26:36Z Opened LevelDB successfully
2025-02-12T21:26:36Z Using obfuscation key for /data/.bitcoin/chainstate: 3ee953a9b94d42cf
2025-02-12T21:26:36Z [Chainstate [ibd] @ height -1 (null)] resized coinsdb cache to 8.0 MiB
2025-02-12T21:26:36Z [Chainstate [ibd] @ height -1 (null)] resized coinstip cache to 440.0 MiB
2025-02-12T21:26:36Z init message: Verifying blocks…
2025-02-12T21:26:36Z  block index              13ms
2025-02-12T21:26:36Z Setting NODE_NETWORK on non-prune mode
2025-02-12T21:26:36Z [warning] Disk space for "/data/.bitcoin/blocks" may not accommodate the block files. Approximately 620 GB of data will be stored in this directory.
2025-02-12T21:26:36Z initload thread start
2025-02-12T21:26:36Z UpdateTip: new best=000000000019d6689c085ae165831e934ff763ae46a2a6c172b3f1b60a8ce26f height=0 version=0x00000001 log2_work=32.000022 tx=1 date='2009-01-03T18:15:05Z' progress=0.000000 cache=0.3MiB(0txo)
2025-02-12T21:26:36Z block tree size = 1
2025-02-12T21:26:36Z nBestHeight = 0
2025-02-12T21:26:36Z torcontrol thread start
2025-02-12T21:26:36Z Failed to open mempool file. Continuing anyway.
2025-02-12T21:26:36Z initload thread exit
2025-02-12T21:26:36Z Bound to 127.0.0.1:8334
2025-02-12T21:26:36Z Bound to [::]:8333
2025-02-12T21:26:36Z Bound to 0.0.0.0:8333
2025-02-12T21:26:36Z 0 block-relay-only anchors will be tried for connections.
2025-02-12T21:26:36Z init message: Starting network threads…
2025-02-12T21:26:36Z net thread start
2025-02-12T21:26:36Z init message: Done loading
2025-02-12T21:26:36Z addcon thread start
2025-02-12T21:26:36Z opencon thread start
2025-02-12T21:26:36Z msghand thread start
2025-02-12T21:26:36Z dnsseed thread start
2025-02-12T21:26:36Z Loading addresses from DNS seed dnsseed.bluematt.me.
2025-02-12T21:26:37Z Loading addresses from DNS seed seed.btc.petertodd.net.
2025-02-12T21:26:37Z Loading addresses from DNS seed dnsseed.emzy.de.
2025-02-12T21:26:38Z New outbound-full-relay v1 peer connected: version: 70016, blocks=883477, peer=0
2025-02-12T21:26:39Z New outbound-full-relay v2 peer connected: version: 70016, blocks=883477, peer=2
2025-02-12T21:26:39Z Loading addresses from DNS seed seed.bitcoin.wiz.biz.
2025-02-12T21:26:40Z Loading addresses from DNS seed seed.bitcoin.sipa.be.
2025-02-12T21:26:41Z Loading addresses from DNS seed dnsseed.bitcoin.dashjr-list-of-p2p-nodes.us.
2025-02-12T21:26:41Z Loading addresses from DNS seed seed.bitcoin.sprovoost.nl.
2025-02-12T21:26:42Z New outbound-full-relay v1 peer connected: version: 70016, blocks=883477, peer=1
2025-02-12T21:26:44Z Loading addresses from DNS seed seed.mainnet.achownodes.xyz.
2025-02-12T21:26:45Z New outbound-full-relay v1 peer connected: version: 70016, blocks=883477, peer=3
2025-02-12T21:26:45Z Pre-synchronizing blockheaders, height: 2000 (~0.24%)
2025-02-12T21:26:45Z New outbound-full-relay v1 peer connected: version: 70016, blocks=883477, peer=4
2025-02-12T21:26:48Z Pre-synchronizing blockheaders, height: 4000 (~0.47%)
2025-02-12T21:26:50Z Pre-synchronizing blockheaders, height: 6000 (~0.71%)
2025-02-12T21:26:53Z Pre-synchronizing blockheaders, height: 8000 (~0.95%)
2025-02-12T21:26:56Z Loading addresses from DNS seed seed.bitcoin.jonasschnelli.ch.
2025-02-12T21:26:57Z Pre-synchronizing blockheaders, height: 10000 (~1.18%)
2025-02-12T21:27:01Z Pre-synchronizing blockheaders, height: 12000 (~1.42%)
2025-02-12T21:27:04Z Pre-synchronizing blockheaders, height: 14000 (~1.66%)
2025-02-12T21:27:07Z Pre-synchronizing blockheaders, height: 16000 (~1.90%)
2025-02-12T21:27:09Z Pre-synchronizing blockheaders, height: 18000 (~2.14%)
2025-02-12T21:27:10Z 160 addresses found from DNS seeds
2025-02-12T21:27:10Z dnsseed thread exit
2025-02-12T21:27:12Z Pre-synchronizing blockheaders, height: 20000 (~2.39%)
2025-02-12T21:27:17Z New outbound-full-relay v1 peer connected: version: 70016, blocks=883477, peer=5
2025-02-12T21:27:20Z Pre-synchronizing blockheaders, height: 22000 (~2.64%)
2025-02-12T21:27:30Z Pre-synchronizing blockheaders, height: 24000 (~2.88%)
2025-02-12T21:27:32Z Pre-synchronizing blockheaders, height: 26000 (~3.13%)
2025-02-12T21:27:34Z Pre-synchronizing blockheaders, height: 28000 (~3.38%)
2025-02-12T21:27:36Z New outbound-full-relay v1 peer connected: version: 70016, blocks=883477, peer=6
2025-02-12T21:27:36Z Pre-synchronizing blockheaders, height: 30000 (~3.63%)
2025-02-12T21:27:36Z New outbound-full-relay v1 peer connected: version: 70016, blocks=883477, peer=7
2025-02-12T21:27:38Z Pre-synchronizing blockheaders, height: 32000 (~3.87%)
2025-02-12T21:27:38Z New outbound-full-relay v1 peer connected: version: 70016, blocks=883477, peer=9
2025-02-12T21:27:39Z New outbound-full-relay v1 peer connected: version: 70016, blocks=883477, peer=10
2025-02-12T21:27:39Z New outbound-full-relay v1 peer connected: version: 70016, blocks=883477, peer=11
2025-02-12T21:27:43Z Pre-synchronizing blockheaders, height: 34000 (~4.11%)
2025-02-12T21:27:47Z Pre-synchronizing blockheaders, height: 36000 (~4.35%)
2025-02-12T21:27:51Z Pre-synchronizing blockheaders, height: 38000 (~4.59%)
2025-02-12T21:27:52Z New block-relay-only v1 peer connected: version: 70016, blocks=883477, peer=12
2025-02-12T21:27:53Z New outbound-full-relay v2 peer connected: version: 70016, blocks=883477, peer=8
2025-02-12T21:27:54Z New block-relay-only v1 peer connected: version: 70016, blocks=883477, peer=13
2025-02-12T21:27:54Z Pre-synchronizing blockheaders, height: 40000 (~4.83%)
2025-02-12T21:27:57Z Pre-synchronizing blockheaders, height: 42000 (~5.06%)
2025-02-12T21:27:59Z Pre-synchronizing blockheaders, height: 44000 (~5.30%)
2025-02-12T21:28:02Z Pre-synchronizing blockheaders, height: 46000 (~5.54%)
2025-02-12T21:28:04Z Pre-synchronizing blockheaders, height: 48000 (~5.78%)
2025-02-12T21:28:06Z Pre-synchronizing blockheaders, height: 50000 (~6.02%)
2025-02-12T21:28:09Z Pre-synchronizing blockheaders, height: 52000 (~6.25%)
2025-02-12T21:28:13Z Pre-synchronizing blockheaders, height: 54000 (~6.49%)
2025-02-12T21:28:16Z Pre-synchronizing blockheaders, height: 56000 (~6.73%)
2025-02-12T21:28:19Z Pre-synchronizing blockheaders, height: 58000 (~6.97%)
2025-02-12T21:28:22Z Pre-synchronizing blockheaders, height: 60000 (~7.21%)
2025-02-12T21:28:25Z Pre-synchronizing blockheaders, height: 62000 (~7.45%)
2025-02-12T21:28:27Z Pre-synchronizing blockheaders, height: 64000 (~7.69%)
2025-02-12T21:28:31Z Pre-synchronizing blockheaders, height: 66000 (~7.92%)
2025-02-12T21:28:35Z Pre-synchronizing blockheaders, height: 68000 (~8.14%)
2025-02-12T21:28:39Z Pre-synchronizing blockheaders, height: 70000 (~8.38%)
2025-02-12T21:28:40Z New outbound-full-relay v1 peer connected: version: 70016, blocks=883477, peer=14
2025-02-12T21:28:45Z Pre-synchronizing blockheaders, height: 72000 (~8.61%)
2025-02-12T21:28:48Z Pre-synchronizing blockheaders, height: 74000 (~8.84%)
2025-02-12T21:28:51Z Pre-synchronizing blockheaders, height: 76000 (~9.08%)
2025-02-12T21:28:53Z Pre-synchronizing blockheaders, height: 78000 (~9.31%)
2025-02-12T21:28:55Z Pre-synchronizing blockheaders, height: 80000 (~9.55%)
2025-02-12T21:28:57Z Pre-synchronizing blockheaders, height: 82000 (~9.78%)
2025-02-12T21:29:00Z Pre-synchronizing blockheaders, height: 84000 (~10.01%)
2025-02-12T21:29:02Z Pre-synchronizing blockheaders, height: 86000 (~10.25%)
2025-02-12T21:29:04Z Pre-synchronizing blockheaders, height: 88000 (~10.48%)
2025-02-12T21:29:07Z Pre-synchronizing blockheaders, height: 90000 (~10.71%)
2025-02-12T21:29:11Z Pre-synchronizing blockheaders, height: 92000 (~10.94%)
2025-02-12T21:29:14Z Pre-synchronizing blockheaders, height: 94000 (~11.17%)
2025-02-12T21:29:17Z Pre-synchronizing blockheaders, height: 96000 (~11.40%)
2025-02-12T21:29:22Z New outbound-full-relay v1 peer connected: version: 70016, blocks=883477, peer=15
2025-02-12T21:29:30Z Pre-synchronizing blockheaders, height: 98000 (~11.63%)
2025-02-12T21:29:32Z Pre-synchronizing blockheaders, height: 100000 (~11.86%)
2025-02-12T21:29:35Z Pre-synchronizing blockheaders, height: 102000 (~12.10%)
2025-02-12T21:29:38Z Pre-synchronizing blockheaders, height: 104000 (~12.33%)
2025-02-12T21:29:41Z Pre-synchronizing blockheaders, height: 106000 (~12.56%)
2025-02-12T21:29:44Z Pre-synchronizing blockheaders, height: 108000 (~12.79%)
2025-02-12T21:29:46Z Pre-synchronizing blockheaders, height: 110000 (~13.02%)
2025-02-12T21:29:48Z Pre-synchronizing blockheaders, height: 112000 (~13.25%)
2025-02-12T21:29:50Z Pre-synchronizing blockheaders, height: 114000 (~13.48%)
2025-02-12T21:29:54Z Pre-synchronizing blockheaders, height: 116000 (~13.72%)
2025-02-12T21:29:57Z Pre-synchronizing blockheaders, height: 118000 (~13.95%)
2025-02-12T21:29:59Z Pre-synchronizing blockheaders, height: 120000 (~14.18%)
2025-02-12T21:30:02Z Pre-synchronizing blockheaders, height: 122000 (~14.41%)
2025-02-12T21:30:04Z Pre-synchronizing blockheaders, height: 124000 (~14.63%)
2025-02-12T21:30:14Z Pre-synchronizing blockheaders, height: 126000 (~14.86%)
2025-02-12T21:30:17Z Pre-synchronizing blockheaders, height: 128000 (~15.08%)
2025-02-12T21:30:20Z Pre-synchronizing blockheaders, height: 130000 (~15.31%)
2025-02-12T21:30:24Z Pre-synchronizing blockheaders, height: 132000 (~15.53%)
2025-02-12T21:30:26Z Pre-synchronizing blockheaders, height: 134000 (~15.75%)
2025-02-12T21:30:30Z Pre-synchronizing blockheaders, height: 136000 (~15.99%)
2025-02-12T21:30:34Z Pre-synchronizing blockheaders, height: 138000 (~16.22%)
2025-02-12T21:30:36Z Pre-synchronizing blockheaders, height: 140000 (~16.45%)
2025-02-12T21:30:37Z Pre-synchronizing blockheaders, height: 142000 (~16.69%)
2025-02-12T21:30:40Z Pre-synchronizing blockheaders, height: 144000 (~16.92%)
2025-02-12T21:30:44Z Pre-synchronizing blockheaders, height: 146000 (~17.16%)
2025-02-12T21:30:47Z Pre-synchronizing blockheaders, height: 148000 (~17.40%)
2025-02-12T21:30:50Z Pre-synchronizing blockheaders, height: 150000 (~17.64%)
2025-02-12T21:30:54Z Pre-synchronizing blockheaders, height: 152000 (~17.88%)
2025-02-12T21:30:56Z New outbound-full-relay v2 peer connected: version: 70016, blocks=883477, peer=18
2025-02-12T21:30:58Z Pre-synchronizing blockheaders, height: 154000 (~18.12%)
2025-02-12T21:31:01Z Pre-synchronizing blockheaders, height: 156000 (~18.35%)
2025-02-12T21:31:05Z Pre-synchronizing blockheaders, height: 158000 (~18.59%)
2025-02-12T21:31:19Z Pre-synchronizing blockheaders, height: 160000 (~18.82%)
2025-02-12T21:31:24Z Pre-synchronizing blockheaders, height: 162000 (~19.05%)
2025-02-12T21:31:26Z New outbound-full-relay v1 peer connected: version: 70016, blocks=883477, peer=19
2025-02-12T21:31:28Z Pre-synchronizing blockheaders, height: 164000 (~19.29%)
2025-02-12T21:31:31Z Pre-synchronizing blockheaders, height: 166000 (~19.52%)
2025-02-12T21:31:34Z Pre-synchronizing blockheaders, height: 168000 (~19.76%)
2025-02-12T21:31:37Z Pre-synchronizing blockheaders, height: 170000 (~19.99%)
2025-02-12T21:31:39Z Pre-synchronizing blockheaders, height: 172000 (~20.22%)
2025-02-12T21:31:41Z Pre-synchronizing blockheaders, height: 174000 (~20.45%)
2025-02-12T21:31:43Z New outbound-full-relay v1 peer connected: version: 70016, blocks=883477, peer=21
2025-02-12T21:31:44Z Pre-synchronizing blockheaders, height: 176000 (~20.69%)
2025-02-12T21:31:47Z Pre-synchronizing blockheaders, height: 178000 (~20.93%)
2025-02-12T21:31:51Z Pre-synchronizing blockheaders, height: 180000 (~21.16%)
2025-02-12T21:31:54Z Pre-synchronizing blockheaders, height: 182000 (~21.40%)
2025-02-12T21:31:57Z Pre-synchronizing blockheaders, height: 184000 (~21.63%)
2025-02-12T21:32:00Z Pre-synchronizing blockheaders, height: 186000 (~21.86%)
2025-02-12T21:32:03Z Pre-synchronizing blockheaders, height: 188000 (~22.10%)
2025-02-12T21:32:05Z Pre-synchronizing blockheaders, height: 190000 (~22.33%)
2025-02-12T21:32:07Z Pre-synchronizing blockheaders, height: 192000 (~22.56%)
2025-02-12T21:32:10Z Pre-synchronizing blockheaders, height: 194000 (~22.79%)
2025-02-12T21:32:12Z Pre-synchronizing blockheaders, height: 196000 (~23.02%)
2025-02-12T21:32:16Z Pre-synchronizing blockheaders, height: 198000 (~23.25%)
2025-02-12T21:32:19Z Pre-synchronizing blockheaders, height: 200000 (~23.48%)
2025-02-12T21:32:22Z Pre-synchronizing blockheaders, height: 202000 (~23.71%)
2025-02-12T21:32:25Z Pre-synchronizing blockheaders, height: 204000 (~23.95%)
2025-02-12T21:32:25Z ThreadRPCServer incorrect password attempt from 10.21.22.3:52200
2025-02-12T21:32:27Z Pre-synchronizing blockheaders, height: 206000 (~24.18%)
2025-02-12T21:32:30Z Pre-synchronizing blockheaders, height: 208000 (~24.41%)
2025-02-12T21:32:31Z Pre-synchronizing blockheaders, height: 210000 (~24.64%)
2025-02-12T21:32:33Z Pre-synchronizing blockheaders, height: 212000 (~24.88%)
2025-02-12T21:32:35Z Pre-synchronizing blockheaders, height: 214000 (~25.12%)
2025-02-12T21:32:36Z Pre-synchronizing blockheaders, height: 216000 (~25.35%)
2025-02-12T21:32:38Z Pre-synchronizing blockheaders, height: 218000 (~25.59%)
2025-02-12T21:32:41Z Pre-synchronizing blockheaders, height: 220000 (~25.82%)
2025-02-12T21:32:43Z Pre-synchronizing blockheaders, height: 222000 (~26.05%)
2025-02-12T21:32:52Z Pre-synchronizing blockheaders, height: 224000 (~26.28%)
2025-02-12T21:32:58Z Pre-synchronizing blockheaders, height: 226000 (~26.50%)
2025-02-12T21:33:00Z New outbound-full-relay v1 peer connected: version: 70016, blocks=883477, peer=23
2025-02-12T21:33:02Z Pre-synchronizing blockheaders, height: 228000 (~26.72%)
2025-02-12T21:33:05Z Pre-synchronizing blockheaders, height: 230000 (~26.95%)
2025-02-12T21:33:08Z Pre-synchronizing blockheaders, height: 232000 (~27.17%)
2025-02-12T21:33:09Z New outbound-full-relay v1 peer connected: version: 70016, blocks=883477, peer=26
2025-02-12T21:33:11Z Pre-synchronizing blockheaders, height: 234000 (~27.40%)
2025-02-12T21:33:13Z Pre-synchronizing blockheaders, height: 236000 (~27.63%)
2025-02-12T21:33:15Z Pre-synchronizing blockheaders, height: 238000 (~27.86%)
2025-02-12T21:33:18Z Pre-synchronizing blockheaders, height: 240000 (~28.08%)
2025-02-12T21:33:21Z Pre-synchronizing blockheaders, height: 242000 (~28.30%)
2025-02-12T21:33:21Z ThreadRPCServer incorrect password attempt from 10.21.22.3:58600
2025-02-12T21:33:23Z Pre-synchronizing blockheaders, height: 244000 (~28.52%)
2025-02-12T21:33:26Z Pre-synchronizing blockheaders, height: 246000 (~28.75%)
2025-02-12T21:33:28Z Pre-synchronizing blockheaders, height: 248000 (~28.97%)
2025-02-12T21:33:31Z Pre-synchronizing blockheaders, height: 250000 (~29.19%)
2025-02-12T21:33:33Z Pre-synchronizing blockheaders, height: 252000 (~29.41%)
2025-02-12T21:33:36Z Pre-synchronizing blockheaders, height: 254000 (~29.62%)
2025-02-12T21:33:39Z Pre-synchronizing blockheaders, height: 256000 (~29.84%)
2025-02-12T21:33:43Z Pre-synchronizing blockheaders, height: 258000 (~30.06%)
2025-02-12T21:33:46Z Pre-synchronizing blockheaders, height: 260000 (~30.27%)
2025-02-12T21:33:49Z Pre-synchronizing blockheaders, height: 262000 (~30.49%)
2025-02-12T21:33:53Z Pre-synchronizing blockheaders, height: 264000 (~30.70%)
2025-02-12T21:33:56Z Pre-synchronizing blockheaders, height: 266000 (~30.91%)
2025-02-12T21:33:59Z Pre-synchronizing blockheaders, height: 268000 (~31.13%)
2025-02-12T21:34:02Z Pre-synchronizing blockheaders, height: 270000 (~31.35%)
2025-02-12T21:34:07Z Pre-synchronizing blockheaders, height: 272000 (~31.57%)
2025-02-12T21:34:10Z Pre-synchronizing blockheaders, height: 274000 (~31.79%)
2025-02-12T21:34:12Z Pre-synchronizing blockheaders, height: 276000 (~32.00%)
2025-02-12T21:34:14Z Pre-synchronizing blockheaders, height: 278000 (~32.22%)
2025-02-12T21:34:16Z Pre-synchronizing blockheaders, height: 280000 (~32.44%)
2025-02-12T21:34:37Z Pre-synchronizing blockheaders, height: 282000 (~32.66%)
2025-02-12T21:34:40Z Pre-synchronizing blockheaders, height: 284000 (~32.87%)
2025-02-12T21:34:54Z Pre-synchronizing blockheaders, height: 286000 (~33.09%)
2025-02-12T21:34:56Z Pre-synchronizing blockheaders, height: 288000 (~33.31%)
2025-02-12T21:34:58Z Pre-synchronizing blockheaders, height: 290000 (~33.53%)
2025-02-12T21:35:01Z Pre-synchronizing blockheaders, height: 292000 (~33.75%)
2025-02-12T21:35:02Z Pre-synchronizing blockheaders, height: 294000 (~33.97%)
2025-02-12T21:35:04Z Pre-synchronizing blockheaders, height: 296000 (~34.19%)
2025-02-12T21:35:07Z Pre-synchronizing blockheaders, height: 298000 (~34.41%)
2025-02-12T21:35:10Z Pre-synchronizing blockheaders, height: 300000 (~34.64%)
2025-02-12T21:35:14Z Pre-synchronizing blockheaders, height: 302000 (~34.85%)
2025-02-12T21:35:19Z Pre-synchronizing blockheaders, height: 304000 (~35.08%)
2025-02-12T21:35:21Z Pre-synchronizing blockheaders, height: 306000 (~35.30%)
2025-02-12T21:35:24Z Pre-synchronizing blockheaders, height: 308000 (~35.51%)
2025-02-12T21:35:27Z Pre-synchronizing blockheaders, height: 310000 (~35.74%)
2025-02-12T21:35:30Z Pre-synchronizing blockheaders, height: 312000 (~35.96%)
2025-02-12T21:35:33Z Pre-synchronizing blockheaders, height: 314000 (~36.19%)
2025-02-12T21:35:45Z Pre-synchronizing blockheaders, height: 316000 (~36.41%)
2025-02-12T21:35:47Z Pre-synchronizing blockheaders, height: 318000 (~36.63%)
2025-02-12T21:35:48Z tor: Thread interrupt
2025-02-12T21:35:48Z Shutdown: In progress...
2025-02-12T21:35:48Z torcontrol thread exit
2025-02-12T21:35:48Z opencon thread exit
2025-02-12T21:35:48Z addcon thread exit
2025-02-12T21:35:48Z net thread exit
2025-02-12T21:35:48Z msghand thread exit
2025-02-12T21:35:48Z DumpAnchors: Flush 2 outbound block-relay-only peer addresses to anchors.dat started
2025-02-12T21:35:48Z DumpAnchors: Flush 2 outbound block-relay-only peer addresses to anchors.dat completed (0.00s)
2025-02-12T21:35:48Z scheduler thread exit
2025-02-12T21:35:48Z Writing 0 mempool transactions to file...
2025-02-12T21:35:48Z Writing 0 unbroadcast transactions to file.
2025-02-12T21:35:48Z Dumped mempool: 0.000s to copy, 0.001s to dump, 27 bytes dumped to file
2025-02-12T21:35:48Z Flushed fee estimates to fee_estimates.dat.
2025-02-12T21:35:48Z Shutdown: done





2025-02-12T21:35:55Z Bitcoin Core version v28.0.0 (release build)
2025-02-12T21:35:55Z Script verification uses 13 additional threads
2025-02-12T21:35:55Z Using the 'arm_shani(1way,2way)' SHA256 implementation
2025-02-12T21:35:55Z Default data directory /data/.bitcoin
2025-02-12T21:35:55Z Using data directory /data/.bitcoin
2025-02-12T21:35:55Z Config file: /data/.bitcoin/bitcoin.conf (not found, skipping)
2025-02-12T21:35:55Z Command-line arg: deprecatedrpc="create_bd"
2025-02-12T21:35:55Z Command-line arg: deprecatedrpc="warnings"
2025-02-12T21:35:55Z Command-line arg: port="8333"
2025-02-12T21:35:55Z Command-line arg: rpcallowip="10.21.0.0/16"
2025-02-12T21:35:55Z Command-line arg: rpcallowip="0.0.0.0"
2025-02-12T21:35:55Z Command-line arg: rpcauth=****
2025-02-12T21:35:55Z Command-line arg: rpcbind="10.21.22.3"
2025-02-12T21:35:55Z Command-line arg: rpcbind="0.0.0.0"
2025-02-12T21:35:55Z Command-line arg: rpcport="8332"
2025-02-12T21:35:55Z Command-line arg: zmqpubrawblock="tcp://0.0.0.0:28332"
2025-02-12T21:35:55Z Command-line arg: zmqpubrawtx="tcp://0.0.0.0:28333"
2025-02-12T21:35:55Z Using at most 125 automatic connections (1048576 file descriptors available)
2025-02-12T21:35:55Z scheduler thread start
2025-02-12T21:35:55Z Binding RPC on address 10.21.22.3 port 8332
2025-02-12T21:35:55Z Binding RPC on address 0.0.0.0 port 8332
2025-02-12T21:35:55Z Binding RPC on address 0.0.0.0 port 8332 failed.
2025-02-12T21:35:55Z Using random cookie authentication.
2025-02-12T21:35:55Z Generated RPC authentication cookie /data/.bitcoin/.cookie
2025-02-12T21:35:55Z Permissions used for cookie: rw-------
2025-02-12T21:35:55Z Starting HTTP server with 4 worker threads
2025-02-12T21:35:55Z Using wallet directory /data/.bitcoin
2025-02-12T21:35:55Z init message: Verifying wallet(s)…
2025-02-12T21:35:55Z Using /16 prefix for IP bucketing
2025-02-12T21:35:55Z init message: Loading P2P addresses…
2025-02-12T21:35:55Z Loaded 10138 addresses from peers.dat  9ms
2025-02-12T21:35:55Z init message: Loading banlist…
2025-02-12T21:35:55Z SetNetworkActive: true
2025-02-12T21:35:55Z Script verification uses 13 additional threads
2025-02-12T21:35:55Z Cache configuration:
2025-02-12T21:35:55Z * Using 2.0 MiB for block index database
2025-02-12T21:35:55Z * Using 8.0 MiB for chain state database
2025-02-12T21:35:55Z * Using 440.0 MiB for in-memory UTXO set (plus up to 286.1 MiB of unused mempool space)
2025-02-12T21:35:55Z Using obfuscation key for blocksdir *.dat files (/data/.bitcoin/blocks): '6d9d3fe02775a144'
2025-02-12T21:35:55Z Using 16 MiB out of 16 MiB requested for signature cache, able to store 524288 elements
2025-02-12T21:35:55Z Using 16 MiB out of 16 MiB requested for script execution cache, able to store 524288 elements
2025-02-12T21:35:55Z init message: Loading block index…
2025-02-12T21:35:55Z Assuming ancestors of block 000000000000000000011c5890365bdbe5d25b97ce0057589acaef4f1a57263f have valid signatures.
2025-02-12T21:35:55Z Setting nMinimumChainWork=000000000000000000000000000000000000000088e186b70e0862c193ec44d6
2025-02-12T21:35:55Z Opening LevelDB in /data/.bitcoin/blocks/index
2025-02-12T21:35:55Z Opened LevelDB successfully
2025-02-12T21:35:55Z Using obfuscation key for /data/.bitcoin/blocks/index: 0000000000000000
2025-02-12T21:35:55Z LoadBlockIndexDB: last block file = 0
2025-02-12T21:35:55Z LoadBlockIndexDB: last block file info: CBlockFileInfo(blocks=1, size=293, heights=0...0, time=2009-01-03...2009-01-03)
2025-02-12T21:35:55Z Checking all blk files are present...
2025-02-12T21:35:55Z Initializing chainstate Chainstate [ibd] @ height -1 (null)
2025-02-12T21:35:55Z Opening LevelDB in /data/.bitcoin/chainstate
2025-02-12T21:35:55Z Opened LevelDB successfully
2025-02-12T21:35:55Z Using obfuscation key for /data/.bitcoin/chainstate: 3ee953a9b94d42cf
2025-02-12T21:35:55Z Loaded best chain: hashBestChain=000000000019d6689c085ae165831e934ff763ae46a2a6c172b3f1b60a8ce26f height=0 date=2009-01-03T18:15:05Z progress=0.000000
2025-02-12T21:35:55Z Opening LevelDB in /data/.bitcoin/chainstate
2025-02-12T21:35:55Z Opened LevelDB successfully
2025-02-12T21:35:55Z Using obfuscation key for /data/.bitcoin/chainstate: 3ee953a9b94d42cf
2025-02-12T21:35:55Z [Chainstate [ibd] @ height 0 (000000000019d6689c085ae165831e934ff763ae46a2a6c172b3f1b60a8ce26f)] resized coinsdb cache to 8.0 MiB
2025-02-12T21:35:55Z [Chainstate [ibd] @ height 0 (000000000019d6689c085ae165831e934ff763ae46a2a6c172b3f1b60a8ce26f)] resized coinstip cache to 440.0 MiB
2025-02-12T21:35:55Z init message: Verifying blocks…
2025-02-12T21:35:55Z  block index               6ms
2025-02-12T21:35:55Z Setting NODE_NETWORK on non-prune mode
2025-02-12T21:35:55Z [warning] Disk space for "/data/.bitcoin/blocks" may not accommodate the block files. Approximately 620 GB of data will be stored in this directory.
2025-02-12T21:35:55Z block tree size = 1
2025-02-12T21:35:55Z nBestHeight = 0
2025-02-12T21:35:55Z initload thread start
2025-02-12T21:35:55Z torcontrol thread start
2025-02-12T21:35:55Z Bound to 127.0.0.1:8334
2025-02-12T21:35:55Z Bound to [::]:8333
2025-02-12T21:35:55Z Bound to 0.0.0.0:8333
2025-02-12T21:35:55Z Loading 0 mempool transactions from file...
2025-02-12T21:35:55Z Imported mempool transactions from file: 0 succeeded, 0 failed, 0 expired, 0 already there, 0 waiting for initial broadcast
2025-02-12T21:35:55Z initload thread exit
2025-02-12T21:35:55Z Loaded 2 addresses from "anchors.dat"
2025-02-12T21:35:55Z 2 block-relay-only anchors will be tried for connections.
2025-02-12T21:35:55Z init message: Starting network threads…
2025-02-12T21:35:55Z net thread start
2025-02-12T21:35:55Z addcon thread start
2025-02-12T21:35:55Z dnsseed thread start
2025-02-12T21:35:55Z init message: Done loading
2025-02-12T21:35:55Z Waiting 300 seconds before querying DNS seeds.
2025-02-12T21:35:55Z opencon thread start
2025-02-12T21:35:55Z msghand thread start
2025-02-12T21:35:57Z New block-relay-only v1 peer connected: version: 70016, blocks=883477, peer=1
2025-02-12T21:35:57Z New block-relay-only v1 peer connected: version: 70016, blocks=883477, peer=0
2025-02-12T21:35:59Z Pre-synchronizing blockheaders, height: 2000 (~0.24%)
2025-02-12T21:36:05Z Pre-synchronizing blockheaders, height: 4000 (~0.47%)
2025-02-12T21:36:09Z New outbound-full-relay v2 peer connected: version: 70016, blocks=883477, peer=2
2025-02-12T21:36:15Z Pre-synchronizing blockheaders, height: 6000 (~0.71%)
2025-02-12T21:36:22Z New outbound-full-relay v1 peer connected: version: 70016, blocks=883477, peer=3
2025-02-12T21:36:22Z Pre-synchronizing blockheaders, height: 8000 (~0.95%)
2025-02-12T21:36:22Z New outbound-full-relay v2 peer connected: version: 70016, blocks=883477, peer=4
2025-02-12T21:36:23Z New outbound-full-relay v1 peer connected: version: 70016, blocks=883477, peer=6
2025-02-12T21:36:24Z New outbound-full-relay v2 peer connected: version: 70016, blocks=883477, peer=5
2025-02-12T21:36:25Z New outbound-full-relay v1 peer connected: version: 70016, blocks=883477, peer=8
2025-02-12T21:36:26Z New outbound-full-relay v2 peer connected: version: 70016, blocks=883477, peer=9
2025-02-12T21:36:26Z New outbound-full-relay v2 peer connected: version: 70016, blocks=883477, peer=10
2025-02-12T21:36:28Z Pre-synchronizing blockheaders, height: 10000 (~1.18%)
2025-02-12T21:36:28Z P2P peers available. Skipped DNS seeding.
2025-02-12T21:36:28Z dnsseed thread exit
2025-02-12T21:36:32Z Pre-synchronizing blockheaders, height: 12000 (~1.42%)
2025-02-12T21:36:37Z Pre-synchronizing blockheaders, height: 14000 (~1.66%)
2025-02-12T21:36:41Z Pre-synchronizing blockheaders, height: 16000 (~1.90%)
2025-02-12T21:36:46Z Pre-synchronizing blockheaders, height: 18000 (~2.14%)
2025-02-12T21:36:50Z Pre-synchronizing blockheaders, height: 20000 (~2.39%)
